# JRE version: OpenJDK Runtime Environment 18.9 (11.0.16+8) (build 11.0.16+8)
# Java VM: OpenJDK 64-Bit Server VM 18.9 (11.0.16+8, mixed mode, sharing, tiered, compressed oops, g1 gc, linux-amd64)
Heap:
 garbage-first heap   total 155648K, used 72247K [0x0000000085800000, 0x0000000100000000)
  region size 1024K, 42 young (43008K), 6 survivors (6144K)
 Metaspace       used 40018K, capacity 41822K, committed 41984K, reserved 1085440K
  class space    used 5605K, capacity 6330K, committed 6400K, reserved 1048576K
GC Heap History (20 events):
Event: 13.382 GC heap before
{Heap before GC invocations=74 (full 14):
 garbage-first heap   total 129024K, used 101463K [0x0000000085800000, 0x0000000100000000)
  region size 1024K, 75 young (76800K), 3 survivors (3072K)
 Metaspace       used 39957K, capacity 41676K, committed 41984K, reserved 1085440K
  class space    used 5601K, capacity 6324K, committed 6400K, reserved 1048576K
}
Event: 13.386 GC heap after
{Heap after GC invocations=75 (full 14):
 garbage-first heap   total 129024K, used 30531K [0x0000000085800000, 0x0000000100000000)
  region size 1024K, 5 young (5120K), 5 survivors (5120K)
 Metaspace       used 39957K, capacity 41676K, committed 41984K, reserved 1085440K
  class space    used 5601K, capacity 6324K, committed 6400K, reserved 1048576K
}
Event: 14.051 GC heap before
{Heap before GC invocations=75 (full 14):
 garbage-first heap   total 129024K, used 102211K [0x0000000085800000, 0x0000000100000000)
  region size 1024K, 75 young (76800K), 5 survivors (5120K)
 Metaspace       used 39958K, capacity 41676K, committed 41984K, reserved 1085440K
  class space    used 5601K, capacity 6324K, committed 6400K, reserved 1048576K
}
Event: 14.055 GC heap after
{Heap after GC invocations=76 (full 14):
 garbage-first heap   total 155648K, used 31221K [0x0000000085800000, 0x0000000100000000)
  region size 1024K, 6 young (6144K), 6 survivors (6144K)
 Metaspace       used 39958K, capacity 41676K, committed 41984K, reserved 1085440K
  class space    used 5601K, capacity 6324K, committed 6400K, reserved 1048576K
}
Event: 16.090 GC heap before
{Heap before GC invocations=76 (full 14):
 garbage-first heap   total 155648K, used 118261K [0x0000000085800000, 0x0000000100000000)
  region size 1024K, 91 young (93184K), 6 survivors (6144K)
 Metaspace       used 39975K, capacity 41743K, committed 41984K, reserved 1085440K
  class space    used 5601K, capacity 6325K, committed 6400K, reserved 1048576K
}
Event: 16.094 GC heap after
{Heap after GC invocations=77 (full 14):
 garbage-first heap   total 155648K, used 33742K [0x0000000085800000, 0x0000000100000000)
  region size 1024K, 8 young (8192K), 8 survivors (8192K)
 Metaspace       used 39975K, capacity 41743K, committed 41984K, reserved 1085440K
  class space    used 5601K, capacity 6325K, committed 6400K, reserved 1048576K
}
Event: 16.967 GC heap before
{Heap before GC invocations=77 (full 14):
 garbage-first heap   total 155648K, used 118734K [0x0000000085800000, 0x0000000100000000)
  region size 1024K, 91 young (93184K), 8 survivors (8192K)
 Metaspace       used 39977K, capacity 41743K, committed 41984K, reserved 1085440K
  class space    used 5601K, capacity 6325K, committed 6400K, reserved 1048576K
}
Event: 16.972 GC heap after
{Heap after GC invocations=78 (full 14):
 garbage-first heap   total 155648K, used 34638K [0x0000000085800000, 0x0000000100000000)
  region size 1024K, 7 young (7168K), 7 survivors (7168K)
 Metaspace       used 39977K, capacity 41743K, committed 41984K, reserved 1085440K
  class space    used 5601K, capacity 6325K, committed 6400K, reserved 1048576K
}
Event: 17.872 GC heap before
{Heap before GC invocations=78 (full 14):
 garbage-first heap   total 155648K, used 120654K [0x0000000085800000, 0x0000000100000000)
  region size 1024K, 91 young (93184K), 7 survivors (7168K)
 Metaspace       used 39981K, capacity 41743K, committed 41984K, reserved 1085440K
  class space    used 5601K, capacity 6325K, committed 6400K, reserved 1048576K
}
Event: 17.877 GC heap after
{Heap after GC invocations=79 (full 14):
 garbage-first heap   total 155648K, used 35829K [0x0000000085800000, 0x0000000100000000)
  region size 1024K, 6 young (6144K), 6 survivors (6144K)
 Metaspace       used 39981K, capacity 41743K, committed 41984K, reserved 1085440K
  class space    used 5601K, capacity 6325K, committed 6400K, reserved 1048576K
}
Event: 17.959 GC heap before
{Heap before GC invocations=79 (full 14):
 garbage-first heap   total 155648K, used 122869K [0x0000000085800000, 0x0000000100000000)
  region size 1024K, 91 young (93184K), 6 survivors (6144K)
 Metaspace       used 40000K, capacity 41743K, committed 41984K, reserved 1085440K
  class space    used 5601K, capacity 6325K, committed 6400K, reserved 1048576K
}
Event: 17.963 GC heap after
{Heap after GC invocations=80 (full 14):
 garbage-first heap   total 155648K, used 35383K [0x0000000085800000, 0x0000000100000000)
  region size 1024K, 5 young (5120K), 5 survivors (5120K)
 Metaspace       used 40000K, capacity 41743K, committed 41984K, reserved 1085440K
  class space    used 5601K, capacity 6325K, committed 6400K, reserved 1048576K
}
Event: 18.960 GC heap before
{Heap before GC invocations=80 (full 14):
 garbage-first heap   total 155648K, used 123447K [0x0000000085800000, 0x0000000100000000)
  region size 1024K, 91 young (93184K), 5 survivors (5120K)
 Metaspace       used 40000K, capacity 41743K, committed 41984K, reserved 1085440K
  class space    used 5601K, capacity 6325K, committed 6400K, reserved 1048576K
}
Event: 18.964 GC heap after
{Heap after GC invocations=81 (full 14):
 garbage-first heap   total 155648K, used 36367K [0x0000000085800000, 0x0000000100000000)
  region size 1024K, 6 young (6144K), 6 survivors (6144K)
 Metaspace       used 40000K, capacity 41743K, committed 41984K, reserved 1085440K
  class space    used 5601K, capacity 6325K, committed 6400K, reserved 1048576K
}
Event: 19.045 GC heap before
{Heap before GC invocations=81 (full 14):
 garbage-first heap   total 155648K, used 123407K [0x0000000085800000, 0x0000000100000000)
  region size 1024K, 91 young (93184K), 6 survivors (6144K)
 Metaspace       used 40000K, capacity 41743K, committed 41984K, reserved 1085440K
  class space    used 5601K, capacity 6325K, committed 6400K, reserved 1048576K
}
Event: 19.048 GC heap after
{Heap after GC invocations=82 (full 14):
 garbage-first heap   total 155648K, used 36407K [0x0000000085800000, 0x0000000100000000)
  region size 1024K, 6 young (6144K), 6 survivors (6144K)
 Metaspace       used 40000K, capacity 41743K, committed 41984K, reserved 1085440K
  class space    used 5601K, capacity 6325K, committed 6400K, reserved 1048576K
}
Event: 19.125 GC heap before
{Heap before GC invocations=82 (full 14):
 garbage-first heap   total 155648K, used 123447K [0x0000000085800000, 0x0000000100000000)
  region size 1024K, 91 young (93184K), 6 survivors (6144K)
 Metaspace       used 40000K, capacity 41743K, committed 41984K, reserved 1085440K
  class space    used 5601K, capacity 6325K, committed 6400K, reserved 1048576K
}
Event: 19.129 GC heap after
{Heap after GC invocations=83 (full 14):
 garbage-first heap   total 155648K, used 36407K [0x0000000085800000, 0x0000000100000000)
  region size 1024K, 6 young (6144K), 6 survivors (6144K)
 Metaspace       used 40000K, capacity 41743K, committed 41984K, reserved 1085440K
  class space    used 5601K, capacity 6325K, committed 6400K, reserved 1048576K
}
Event: 19.205 GC heap before
{Heap before GC invocations=83 (full 14):
 garbage-first heap   total 155648K, used 123447K [0x0000000085800000, 0x0000000100000000)
  region size 1024K, 91 young (93184K), 6 survivors (6144K)
 Metaspace       used 40000K, capacity 41743K, committed 41984K, reserved 1085440K
  class space    used 5601K, capacity 6325K, committed 6400K, reserved 1048576K
}
Event: 19.208 GC heap after
{Heap after GC invocations=84 (full 14):
 garbage-first heap   total 155648K, used 36407K [0x0000000085800000, 0x0000000100000000)
  region size 1024K, 6 young (6144K), 6 survivors (6144K)
 Metaspace       used 40000K, capacity 41743K, committed 41984K, reserved 1085440K
  class space    used 5601K, capacity 6325K, committed 6400K, reserved 1048576K
}

